<?xml version="1.0" encoding="UTF-8"?>
<testng-results ignored="0" total="1" passed="1" failed="0" skipped="0">
  <reporter-output>
  </reporter-output>
  <suite started-at="2024-07-17T10:06:38 IST" name="Default suite" finished-at="2024-07-17T10:07:01 IST" duration-ms="22554">
    <groups>
    </groups>
    <test started-at="2024-07-17T10:06:38 IST" name="Default test" finished-at="2024-07-17T10:07:01 IST" duration-ms="22554">
      <class name="com.automation.tesing.LeaveTest">
        <test-method is-config="true" signature="setUp()[pri:0, instance:com.automation.tesing.LeaveTest@3527942a]" started-at="2024-07-17T10:06:38 IST" name="setUp" finished-at="2024-07-17T10:06:47 IST" duration-ms="9137" status="PASS">
          <reporter-output>
          </reporter-output>
        </test-method> <!-- setUp -->
        <test-method signature="verifyLeaveApplied()[pri:0, instance:com.automation.tesing.LeaveTest@3527942a]" started-at="2024-07-17T10:06:47 IST" name="verifyLeaveApplied" finished-at="2024-07-17T10:07:01 IST" duration-ms="13366" status="PASS">
          <reporter-output>
          </reporter-output>
        </test-method> <!-- verifyLeaveApplied -->
      </class> <!-- com.automation.tesing.LeaveTest -->
    </test> <!-- Default test -->
  </suite> <!-- Default suite -->
</testng-results>
